# multi-vendor bind/submit/status/report/release evidence run
release=R2026.03
2026-03-08T20:23:20Z
JAVA_HOME=/root/.local/share/mise/installs/java/21.0.2
command: ./gradlew test --tests it.amhs.service.protocol.p3.P3Asn1GatewayProtocolTest --tests it.amhs.service.protocol.p3.P3GatewaySessionServiceTest --tests it.amhs.service.protocol.p3.P3Asn1GatewayProtocolNegativeVectorsTest
> Task :compileJava FAILED

FAILURE: Build failed with an exception.

* What went wrong:
Execution failed for task ':compileJava'.
> Could not resolve all files for configuration ':compileClasspath'.
   > Could not resolve org.projectlombok:lombok:1.18.32.
     Required by:
         project :
      > Could not resolve org.projectlombok:lombok:1.18.32.
         > Could not get resource 'https://repo.maven.apache.org/maven2/org/projectlombok/lombok/1.18.32/lombok-1.18.32.pom'.
            > Could not GET 'https://repo.maven.apache.org/maven2/org/projectlombok/lombok/1.18.32/lombok-1.18.32.pom'. Received status code 403 from server: Forbidden
   > Could not resolve ch.qos.logback:logback-classic:1.5.16.
     Required by:
         project :
      > Could not resolve ch.qos.logback:logback-classic:1.5.16.
         > Could not get resource 'https://repo.maven.apache.org/maven2/ch/qos/logback/logback-classic/1.5.16/logback-classic-1.5.16.pom'.
            > Could not GET 'https://repo.maven.apache.org/maven2/ch/qos/logback/logback-classic/1.5.16/logback-classic-1.5.16.pom'. Received status code 403 from server: Forbidden
   > Could not resolve org.springframework.boot:spring-boot-starter-data-jpa:3.4.3.
     Required by:
         project :
      > Could not resolve org.springframework.boot:spring-boot-starter-data-jpa:3.4.3.
         > Could not get resource 'https://repo.maven.apache.org/maven2/org/springframework/boot/spring-boot-starter-data-jpa/3.4.3/spring-boot-starter-data-jpa-3.4.3.pom'.
            > Could not GET 'https://repo.maven.apache.org/maven2/org/springframework/boot/spring-boot-starter-data-jpa/3.4.3/spring-boot-starter-data-jpa-3.4.3.pom'. Received status code 403 from server: Forbidden
   > Could not resolve org.springframework.boot:spring-boot-starter-validation:3.4.3.
     Required by:
         project :
      > Could not resolve org.springframework.boot:spring-boot-starter-validation:3.4.3.
         > Could not get resource 'https://repo.maven.apache.org/maven2/org/springframework/boot/spring-boot-starter-validation/3.4.3/spring-boot-starter-validation-3.4.3.pom'.
            > Could not GET 'https://repo.maven.apache.org/maven2/org/springframework/boot/spring-boot-starter-validation/3.4.3/spring-boot-starter-validation-3.4.3.pom'. Received status code 403 from server: Forbidden
   > Could not resolve org.springframework.boot:spring-boot-starter:3.4.3.
     Required by:
         project :
      > Could not resolve org.springframework.boot:spring-boot-starter:3.4.3.
         > Could not get resource 'https://repo.maven.apache.org/maven2/org/springframework/boot/spring-boot-starter/3.4.3/spring-boot-starter-3.4.3.pom'.
            > Could not GET 'https://repo.maven.apache.org/maven2/org/springframework/boot/spring-boot-starter/3.4.3/spring-boot-starter-3.4.3.pom'. Received status code 403 from server: Forbidden
   > Could not find org.springframework.boot:spring-boot-starter-jdbc:.
     Required by:
         project :
   > Could not resolve org.bouncycastle:bcprov-jdk18on:1.78.
     Required by:
         project :
      > Could not resolve org.bouncycastle:bcprov-jdk18on:1.78.
         > Could not get resource 'https://repo.maven.apache.org/maven2/org/bouncycastle/bcprov-jdk18on/1.78/bcprov-jdk18on-1.78.pom'.
            > Could not GET 'https://repo.maven.apache.org/maven2/org/bouncycastle/bcprov-jdk18on/1.78/bcprov-jdk18on-1.78.pom'. Received status code 403 from server: Forbidden
   > Could not resolve org.postgresql:postgresql:42.7.3.
     Required by:
         project :
      > Could not resolve org.postgresql:postgresql:42.7.3.
         > Could not get resource 'https://repo.maven.apache.org/maven2/org/postgresql/postgresql/42.7.3/postgresql-42.7.3.pom'.
            > Could not GET 'https://repo.maven.apache.org/maven2/org/postgresql/postgresql/42.7.3/postgresql-42.7.3.pom'. Received status code 403 from server: Forbidden

* Try:
> Run with --stacktrace option to get the stack trace.
> Run with --info or --debug option to get more log output.
> Run with --scan to get full insights.
> Get more help at https://help.gradle.org.

Deprecated Gradle features were used in this build, making it incompatible with Gradle 9.0.

You can use '--warning-mode all' to show the individual deprecation warnings and determine if they come from your own scripts or plugins.

For more on this, please refer to https://docs.gradle.org/8.5/userguide/command_line_interface.html#sec:command_line_warnings in the Gradle documentation.

BUILD FAILED in 2s
1 actionable task: 1 executed
